<?xml version="1.0" encoding="UTF-8"?>
<testsuite xmlns:xsi="http://www.w3.org/2001/XMLSchema-instance" xsi:noNamespaceSchemaLocation="https://maven.apache.org/surefire/maven-surefire-plugin/xsd/surefire-test-report.xsd" name="TestSuite" time="5.803" tests="1" errors="0" skipped="0" failures="0">
  <properties>
    <property name="java.specification.version" value="21"/>
    <property name="sun.jnu.encoding" value="UTF-8"/>
    <property name="java.class.path" value="/Users/sanjiwanisuryawanshi/eclipse-workspace/RestAssuredAPITesting_BDD_Approach/target/test-classes:/Users/sanjiwanisuryawanshi/eclipse-workspace/RestAssuredAPITesting_BDD_Approach/target/classes:/Users/sanjiwanisuryawanshi/.m2/repository/io/rest-assured/rest-assured/5.3.2/rest-assured-5.3.2.jar:/Users/sanjiwanisuryawanshi/.m2/repository/org/apache/groovy/groovy/4.0.11/groovy-4.0.11.jar:/Users/sanjiwanisuryawanshi/.m2/repository/org/apache/groovy/groovy-xml/4.0.11/groovy-xml-4.0.11.jar:/Users/sanjiwanisuryawanshi/.m2/repository/org/apache/httpcomponents/httpclient/4.5.13/httpclient-4.5.13.jar:/Users/sanjiwanisuryawanshi/.m2/repository/org/apache/httpcomponents/httpcore/4.4.13/httpcore-4.4.13.jar:/Users/sanjiwanisuryawanshi/.m2/repository/commons-logging/commons-logging/1.2/commons-logging-1.2.jar:/Users/sanjiwanisuryawanshi/.m2/repository/commons-codec/commons-codec/1.11/commons-codec-1.11.jar:/Users/sanjiwanisuryawanshi/.m2/repository/org/apache/httpcomponents/httpmime/4.5.13/httpmime-4.5.13.jar:/Users/sanjiwanisuryawanshi/.m2/repository/org/ccil/cowan/tagsoup/tagsoup/1.2.1/tagsoup-1.2.1.jar:/Users/sanjiwanisuryawanshi/.m2/repository/io/rest-assured/json-schema-validator/5.3.1/json-schema-validator-5.3.1.jar:/Users/sanjiwanisuryawanshi/.m2/repository/com/github/java-json-tools/json-schema-validator/2.2.14/json-schema-validator-2.2.14.jar:/Users/sanjiwanisuryawanshi/.m2/repository/com/github/java-json-tools/jackson-coreutils-equivalence/1.0/jackson-coreutils-equivalence-1.0.jar:/Users/sanjiwanisuryawanshi/.m2/repository/com/fasterxml/jackson/core/jackson-databind/2.11.0/jackson-databind-2.11.0.jar:/Users/sanjiwanisuryawanshi/.m2/repository/com/fasterxml/jackson/core/jackson-annotations/2.11.0/jackson-annotations-2.11.0.jar:/Users/sanjiwanisuryawanshi/.m2/repository/com/fasterxml/jackson/core/jackson-core/2.11.0/jackson-core-2.11.0.jar:/Users/sanjiwanisuryawanshi/.m2/repository/com/github/java-json-tools/jackson-coreutils/2.0/jackson-coreutils-2.0.jar:/Users/sanjiwanisuryawanshi/.m2/repository/com/github/java-json-tools/msg-simple/1.2/msg-simple-1.2.jar:/Users/sanjiwanisuryawanshi/.m2/repository/com/github/java-json-tools/btf/1.3/btf-1.3.jar:/Users/sanjiwanisuryawanshi/.m2/repository/com/github/java-json-tools/json-schema-core/1.2.14/json-schema-core-1.2.14.jar:/Users/sanjiwanisuryawanshi/.m2/repository/com/github/java-json-tools/uri-template/0.10/uri-template-0.10.jar:/Users/sanjiwanisuryawanshi/.m2/repository/org/mozilla/rhino/1.7.7.2/rhino-1.7.7.2.jar:/Users/sanjiwanisuryawanshi/.m2/repository/com/sun/mail/mailapi/1.6.2/mailapi-1.6.2.jar:/Users/sanjiwanisuryawanshi/.m2/repository/joda-time/joda-time/2.10.5/joda-time-2.10.5.jar:/Users/sanjiwanisuryawanshi/.m2/repository/com/googlecode/libphonenumber/libphonenumber/8.11.1/libphonenumber-8.11.1.jar:/Users/sanjiwanisuryawanshi/.m2/repository/com/google/code/findbugs/jsr305/3.0.2/jsr305-3.0.2.jar:/Users/sanjiwanisuryawanshi/.m2/repository/net/sf/jopt-simple/jopt-simple/5.0.4/jopt-simple-5.0.4.jar:/Users/sanjiwanisuryawanshi/.m2/repository/com/google/guava/guava/32.0.1-jre/guava-32.0.1-jre.jar:/Users/sanjiwanisuryawanshi/.m2/repository/com/google/guava/failureaccess/1.0.1/failureaccess-1.0.1.jar:/Users/sanjiwanisuryawanshi/.m2/repository/com/google/guava/listenablefuture/9999.0-empty-to-avoid-conflict-with-guava/listenablefuture-9999.0-empty-to-avoid-conflict-with-guava.jar:/Users/sanjiwanisuryawanshi/.m2/repository/org/checkerframework/checker-qual/3.33.0/checker-qual-3.33.0.jar:/Users/sanjiwanisuryawanshi/.m2/repository/com/google/errorprone/error_prone_annotations/2.18.0/error_prone_annotations-2.18.0.jar:/Users/sanjiwanisuryawanshi/.m2/repository/com/google/j2objc/j2objc-annotations/2.8/j2objc-annotations-2.8.jar:/Users/sanjiwanisuryawanshi/.m2/repository/io/rest-assured/json-path/5.3.2/json-path-5.3.2.jar:/Users/sanjiwanisuryawanshi/.m2/repository/org/apache/groovy/groovy-json/4.0.11/groovy-json-4.0.11.jar:/Users/sanjiwanisuryawanshi/.m2/repository/io/rest-assured/rest-assured-common/5.3.2/rest-assured-common-5.3.2.jar:/Users/sanjiwanisuryawanshi/.m2/repository/io/rest-assured/xml-path/5.3.1/xml-path-5.3.1.jar:/Users/sanjiwanisuryawanshi/.m2/repository/org/apache/commons/commons-lang3/3.11/commons-lang3-3.11.jar:/Users/sanjiwanisuryawanshi/.m2/repository/org/testng/testng/7.8.0/testng-7.8.0.jar:/Users/sanjiwanisuryawanshi/.m2/repository/org/slf4j/slf4j-api/1.7.36/slf4j-api-1.7.36.jar:/Users/sanjiwanisuryawanshi/.m2/repository/com/beust/jcommander/1.82/jcommander-1.82.jar:/Users/sanjiwanisuryawanshi/.m2/repository/org/webjars/jquery/3.6.1/jquery-3.6.1.jar:/Users/sanjiwanisuryawanshi/.m2/repository/org/hamcrest/hamcrest/2.2/hamcrest-2.2.jar:/Users/sanjiwanisuryawanshi/.m2/repository/org/hamcrest/hamcrest-core/2.2/hamcrest-core-2.2.jar:/Users/sanjiwanisuryawanshi/.m2/repository/org/hamcrest/hamcrest-library/2.2/hamcrest-library-2.2.jar:"/>
    <property name="java.vm.vendor" value="Homebrew"/>
    <property name="sun.arch.data.model" value="64"/>
    <property name="java.vendor.url" value="https://github.com/Homebrew/homebrew-core/issues"/>
    <property name="os.name" value="Mac OS X"/>
    <property name="java.vm.specification.version" value="21"/>
    <property name="sun.java.launcher" value="SUN_STANDARD"/>
    <property name="user.country" value="GB"/>
    <property name="sun.boot.library.path" value="/usr/local/Cellar/openjdk/21/libexec/openjdk.jdk/Contents/Home/lib"/>
    <property name="sun.java.command" value="/Users/sanjiwanisuryawanshi/eclipse-workspace/RestAssuredAPITesting_BDD_Approach/target/surefire/surefirebooter14575924247549808814.jar /Users/sanjiwanisuryawanshi/eclipse-workspace/RestAssuredAPITesting_BDD_Approach/target/surefire 2023-09-23T12-28-52_504-jvmRun1 surefire2165648518017256625tmp surefire_013267707202852468717tmp"/>
    <property name="http.nonProxyHosts" value="local|*.local|169.254/16|*.169.254/16"/>
    <property name="jdk.debug" value="release"/>
    <property name="surefire.test.class.path" value="/Users/sanjiwanisuryawanshi/eclipse-workspace/RestAssuredAPITesting_BDD_Approach/target/test-classes:/Users/sanjiwanisuryawanshi/eclipse-workspace/RestAssuredAPITesting_BDD_Approach/target/classes:/Users/sanjiwanisuryawanshi/.m2/repository/io/rest-assured/rest-assured/5.3.2/rest-assured-5.3.2.jar:/Users/sanjiwanisuryawanshi/.m2/repository/org/apache/groovy/groovy/4.0.11/groovy-4.0.11.jar:/Users/sanjiwanisuryawanshi/.m2/repository/org/apache/groovy/groovy-xml/4.0.11/groovy-xml-4.0.11.jar:/Users/sanjiwanisuryawanshi/.m2/repository/org/apache/httpcomponents/httpclient/4.5.13/httpclient-4.5.13.jar:/Users/sanjiwanisuryawanshi/.m2/repository/org/apache/httpcomponents/httpcore/4.4.13/httpcore-4.4.13.jar:/Users/sanjiwanisuryawanshi/.m2/repository/commons-logging/commons-logging/1.2/commons-logging-1.2.jar:/Users/sanjiwanisuryawanshi/.m2/repository/commons-codec/commons-codec/1.11/commons-codec-1.11.jar:/Users/sanjiwanisuryawanshi/.m2/repository/org/apache/httpcomponents/httpmime/4.5.13/httpmime-4.5.13.jar:/Users/sanjiwanisuryawanshi/.m2/repository/org/ccil/cowan/tagsoup/tagsoup/1.2.1/tagsoup-1.2.1.jar:/Users/sanjiwanisuryawanshi/.m2/repository/io/rest-assured/json-schema-validator/5.3.1/json-schema-validator-5.3.1.jar:/Users/sanjiwanisuryawanshi/.m2/repository/com/github/java-json-tools/json-schema-validator/2.2.14/json-schema-validator-2.2.14.jar:/Users/sanjiwanisuryawanshi/.m2/repository/com/github/java-json-tools/jackson-coreutils-equivalence/1.0/jackson-coreutils-equivalence-1.0.jar:/Users/sanjiwanisuryawanshi/.m2/repository/com/fasterxml/jackson/core/jackson-databind/2.11.0/jackson-databind-2.11.0.jar:/Users/sanjiwanisuryawanshi/.m2/repository/com/fasterxml/jackson/core/jackson-annotations/2.11.0/jackson-annotations-2.11.0.jar:/Users/sanjiwanisuryawanshi/.m2/repository/com/fasterxml/jackson/core/jackson-core/2.11.0/jackson-core-2.11.0.jar:/Users/sanjiwanisuryawanshi/.m2/repository/com/github/java-json-tools/jackson-coreutils/2.0/jackson-coreutils-2.0.jar:/Users/sanjiwanisuryawanshi/.m2/repository/com/github/java-json-tools/msg-simple/1.2/msg-simple-1.2.jar:/Users/sanjiwanisuryawanshi/.m2/repository/com/github/java-json-tools/btf/1.3/btf-1.3.jar:/Users/sanjiwanisuryawanshi/.m2/repository/com/github/java-json-tools/json-schema-core/1.2.14/json-schema-core-1.2.14.jar:/Users/sanjiwanisuryawanshi/.m2/repository/com/github/java-json-tools/uri-template/0.10/uri-template-0.10.jar:/Users/sanjiwanisuryawanshi/.m2/repository/org/mozilla/rhino/1.7.7.2/rhino-1.7.7.2.jar:/Users/sanjiwanisuryawanshi/.m2/repository/com/sun/mail/mailapi/1.6.2/mailapi-1.6.2.jar:/Users/sanjiwanisuryawanshi/.m2/repository/joda-time/joda-time/2.10.5/joda-time-2.10.5.jar:/Users/sanjiwanisuryawanshi/.m2/repository/com/googlecode/libphonenumber/libphonenumber/8.11.1/libphonenumber-8.11.1.jar:/Users/sanjiwanisuryawanshi/.m2/repository/com/google/code/findbugs/jsr305/3.0.2/jsr305-3.0.2.jar:/Users/sanjiwanisuryawanshi/.m2/repository/net/sf/jopt-simple/jopt-simple/5.0.4/jopt-simple-5.0.4.jar:/Users/sanjiwanisuryawanshi/.m2/repository/com/google/guava/guava/32.0.1-jre/guava-32.0.1-jre.jar:/Users/sanjiwanisuryawanshi/.m2/repository/com/google/guava/failureaccess/1.0.1/failureaccess-1.0.1.jar:/Users/sanjiwanisuryawanshi/.m2/repository/com/google/guava/listenablefuture/9999.0-empty-to-avoid-conflict-with-guava/listenablefuture-9999.0-empty-to-avoid-conflict-with-guava.jar:/Users/sanjiwanisuryawanshi/.m2/repository/org/checkerframework/checker-qual/3.33.0/checker-qual-3.33.0.jar:/Users/sanjiwanisuryawanshi/.m2/repository/com/google/errorprone/error_prone_annotations/2.18.0/error_prone_annotations-2.18.0.jar:/Users/sanjiwanisuryawanshi/.m2/repository/com/google/j2objc/j2objc-annotations/2.8/j2objc-annotations-2.8.jar:/Users/sanjiwanisuryawanshi/.m2/repository/io/rest-assured/json-path/5.3.2/json-path-5.3.2.jar:/Users/sanjiwanisuryawanshi/.m2/repository/org/apache/groovy/groovy-json/4.0.11/groovy-json-4.0.11.jar:/Users/sanjiwanisuryawanshi/.m2/repository/io/rest-assured/rest-assured-common/5.3.2/rest-assured-common-5.3.2.jar:/Users/sanjiwanisuryawanshi/.m2/repository/io/rest-assured/xml-path/5.3.1/xml-path-5.3.1.jar:/Users/sanjiwanisuryawanshi/.m2/repository/org/apache/commons/commons-lang3/3.11/commons-lang3-3.11.jar:/Users/sanjiwanisuryawanshi/.m2/repository/org/testng/testng/7.8.0/testng-7.8.0.jar:/Users/sanjiwanisuryawanshi/.m2/repository/org/slf4j/slf4j-api/1.7.36/slf4j-api-1.7.36.jar:/Users/sanjiwanisuryawanshi/.m2/repository/com/beust/jcommander/1.82/jcommander-1.82.jar:/Users/sanjiwanisuryawanshi/.m2/repository/org/webjars/jquery/3.6.1/jquery-3.6.1.jar:/Users/sanjiwanisuryawanshi/.m2/repository/org/hamcrest/hamcrest/2.2/hamcrest-2.2.jar:/Users/sanjiwanisuryawanshi/.m2/repository/org/hamcrest/hamcrest-core/2.2/hamcrest-core-2.2.jar:/Users/sanjiwanisuryawanshi/.m2/repository/org/hamcrest/hamcrest-library/2.2/hamcrest-library-2.2.jar:"/>
    <property name="sun.cpu.endian" value="little"/>
    <property name="user.home" value="/Users/sanjiwanisuryawanshi"/>
    <property name="user.language" value="en"/>
    <property name="java.specification.vendor" value="Oracle Corporation"/>
    <property name="suitefilename" value="./suites/createbooking.xml"/>
    <property name="java.version.date" value="2023-09-19"/>
    <property name="java.home" value="/usr/local/Cellar/openjdk/21/libexec/openjdk.jdk/Contents/Home"/>
    <property name="file.separator" value="/"/>
    <property name="basedir" value="/Users/sanjiwanisuryawanshi/eclipse-workspace/RestAssuredAPITesting_BDD_Approach"/>
    <property name="java.vm.compressedOopsMode" value="Zero based"/>
    <property name="line.separator" value="&#10;"/>
    <property name="java.vm.specification.vendor" value="Oracle Corporation"/>
    <property name="java.specification.name" value="Java Platform API Specification"/>
    <property name="apple.awt.application.name" value="ForkedBooter"/>
    <property name="surefire.real.class.path" value="/Users/sanjiwanisuryawanshi/eclipse-workspace/RestAssuredAPITesting_BDD_Approach/target/surefire/surefirebooter14575924247549808814.jar"/>
    <property name="sun.management.compiler" value="HotSpot 64-Bit Tiered Compilers"/>
    <property name="ftp.nonProxyHosts" value="local|*.local|169.254/16|*.169.254/16"/>
    <property name="java.runtime.version" value="21"/>
    <property name="user.name" value="sanjiwanisuryawanshi"/>
    <property name="stdout.encoding" value="UTF-8"/>
    <property name="path.separator" value=":"/>
    <property name="os.version" value="12.6.1"/>
    <property name="java.runtime.name" value="OpenJDK Runtime Environment"/>
    <property name="file.encoding" value="UTF-8"/>
    <property name="java.vm.name" value="OpenJDK 64-Bit Server VM"/>
    <property name="java.vendor.version" value="Homebrew"/>
    <property name="localRepository" value="/Users/sanjiwanisuryawanshi/.m2/repository"/>
    <property name="java.vendor.url.bug" value="https://github.com/Homebrew/homebrew-core/issues"/>
    <property name="java.io.tmpdir" value="/var/folders/6t/qlz1gmns6wq18yzky4qrhpw00000gp/T/"/>
    <property name="java.version" value="21"/>
    <property name="user.dir" value="/Users/sanjiwanisuryawanshi/eclipse-workspace/RestAssuredAPITesting_BDD_Approach"/>
    <property name="os.arch" value="x86_64"/>
    <property name="java.vm.specification.name" value="Java Virtual Machine Specification"/>
    <property name="native.encoding" value="UTF-8"/>
    <property name="java.library.path" value="/Users/sanjiwanisuryawanshi/Library/Java/Extensions:/Library/Java/Extensions:/Network/Library/Java/Extensions:/System/Library/Java/Extensions:/usr/lib/java:."/>
    <property name="java.vm.info" value="mixed mode, sharing"/>
    <property name="stderr.encoding" value="UTF-8"/>
    <property name="java.vendor" value="Homebrew"/>
    <property name="java.vm.version" value="21"/>
    <property name="sun.io.unicode.encoding" value="UnicodeBig"/>
    <property name="socksNonProxyHosts" value="local|*.local|169.254/16|*.169.254/16"/>
    <property name="java.class.version" value="65.0"/>
  </properties>
  <testcase name="testpost" classname="restassuredApiTests.CreateBooking" time="4.615"/>
</testsuite>