<?xml version="1.0" encoding="UTF-8"?>
<!-- Generated by org.testng.reporters.JUnitReportReporter -->
<testsuite hostname="SanjiwaniS-Mac.local" failures="0" tests="1" name="restassuredApiTests.HealthCheck" time="1.536" errors="0" timestamp="2023-09-24T17:37:11 IST" skipped="0">
  <testcase classname="restassuredApiTests.HealthCheck" name="getping" time="1.536"/>
  <system-out/>
</testsuite> <!-- restassuredApiTests.HealthCheck -->
