<?xml version="1.0" encoding="UTF-8"?>
<!-- Generated by org.testng.reporters.JUnitReportReporter -->
<testsuite hostname="SanjiwaniS-Mac.local" failures="0" tests="2" name="restassuredApiTests.GetBookingsByCheckinCheckout" time="7.579" errors="0" timestamp="2023-09-24T10:53:29 IST" skipped="0">
  <testcase classname="restassuredApiTests.GetBookingsByCheckinCheckout" name="testpost" time="5.808"/>
  <testcase classname="restassuredApiTests.GetBookingsByCheckinCheckout" name="getBookingsForCheckinCheckout" time="1.771"/>
</testsuite> <!-- restassuredApiTests.GetBookingsByCheckinCheckout -->
