<?xml version="1.0" encoding="UTF-8"?>
<!-- Generated by org.testng.reporters.JUnitReportReporter -->
<testsuite hostname="SanjiwaniS-Mac.local" failures="0" tests="1" name="restassuredApiTests.CreateToken" time="5.382" errors="0" timestamp="2023-09-24T10:14:10 IST" skipped="0">
  <testcase classname="restassuredApiTests.CreateToken" name="testpost" time="5.382"/>
</testsuite> <!-- restassuredApiTests.CreateToken -->
