<?xml version="1.0" encoding="UTF-8"?>
<!-- Generated by org.testng.reporters.JUnitReportReporter -->
<testsuite hostname="SanjiwaniS-Mac.local" failures="0" tests="4" name="restassuredApiTests.DeleteBooking" time="9.911" errors="0" timestamp="2023-09-24T17:37:11 IST" skipped="0">
  <testcase classname="restassuredApiTests.DeleteBooking" name="Createtoken" time="5.020"/>
  <system-out/>
  <testcase classname="restassuredApiTests.DeleteBooking" name="Createbooking" time="1.758"/>
  <system-out/>
  <testcase classname="restassuredApiTests.DeleteBooking" name="Deletebooking" time="1.626"/>
  <system-out/>
  <testcase classname="restassuredApiTests.DeleteBooking" name="Getdeletedbooking" time="1.507"/>
  <system-out/>
</testsuite> <!-- restassuredApiTests.DeleteBooking -->
