<?xml version="1.0" encoding="UTF-8"?>
<!-- Generated by org.testng.reporters.JUnitReportReporter -->
<testsuite hostname="SanjiwaniS-Mac.local" failures="0" tests="5" name="restassuredApiTests.PartialUpdateBooking" time="11.105" errors="0" timestamp="2023-09-24T17:37:11 IST" skipped="0">
  <testcase classname="restassuredApiTests.PartialUpdateBooking" name="Createtoken" time="1.755"/>
  <system-out/>
  <testcase classname="restassuredApiTests.PartialUpdateBooking" name="Createbooking" time="2.039"/>
  <system-out/>
  <testcase classname="restassuredApiTests.PartialUpdateBooking" name="UpdateAllFields" time="2.539"/>
  <system-out/>
  <testcase classname="restassuredApiTests.PartialUpdateBooking" name="UpdateOnlyLastName" time="1.906"/>
  <system-out/>
  <testcase classname="restassuredApiTests.PartialUpdateBooking" name="UpdateOnlyFirstName" time="2.866"/>
  <system-out/>
</testsuite> <!-- restassuredApiTests.PartialUpdateBooking -->
