<?xml version="1.0" encoding="UTF-8"?>
<!-- Generated by org.testng.reporters.JUnitReportReporter -->
<testsuite hostname="SanjiwaniS-Mac.local" failures="0" tests="5" name="restassuredApiTests.PartialUpdateBooking" time="13.337" errors="0" timestamp="2023-09-24T11:11:04 IST" skipped="0">
  <testcase classname="restassuredApiTests.PartialUpdateBooking" name="Createtoken" time="4.825"/>
  <testcase classname="restassuredApiTests.PartialUpdateBooking" name="Createbooking" time="2.158"/>
  <testcase classname="restassuredApiTests.PartialUpdateBooking" name="UpdateAllFields" time="2.086"/>
  <testcase classname="restassuredApiTests.PartialUpdateBooking" name="UpdateOnlyFirstName" time="2.227"/>
  <testcase classname="restassuredApiTests.PartialUpdateBooking" name="UpdateOnlyLastName" time="2.041"/>
</testsuite> <!-- restassuredApiTests.PartialUpdateBooking -->
