<?xml version="1.0" encoding="UTF-8"?>
<!-- Generated by org.testng.reporters.JUnitReportReporter -->
<testsuite hostname="SanjiwaniS-Mac.local" failures="0" tests="2" name="restassuredApiTests.GetBooking" time="3.716" errors="0" timestamp="2023-09-24T17:37:11 IST" skipped="0">
  <testcase classname="restassuredApiTests.GetBooking" name="testpost" time="1.847"/>
  <system-out/>
  <testcase classname="restassuredApiTests.GetBooking" name="testget" time="1.869"/>
  <system-out/>
</testsuite> <!-- restassuredApiTests.GetBooking -->
