<?xml version="1.0" encoding="UTF-8"?>
<!-- Generated by org.testng.reporters.JUnitReportReporter -->
<testsuite hostname="SanjiwaniS-Mac.local" failures="0" tests="2" name="restassuredApiTests.GetBooking" time="7.051" errors="0" timestamp="2023-09-24T10:21:09 IST" skipped="0">
  <testcase classname="restassuredApiTests.GetBooking" name="testpost" time="4.868"/>
  <testcase classname="restassuredApiTests.GetBooking" name="testget" time="2.183"/>
</testsuite> <!-- restassuredApiTests.GetBooking -->
