<?xml version="1.0" encoding="UTF-8"?>
<!-- Generated by org.testng.reporters.JUnitReportReporter -->
<testsuite hostname="SanjiwaniS-Mac.local" failures="0" tests="3" name="restassuredApiTests.UpdateBooking" time="5.340" errors="0" timestamp="2023-09-24T17:37:11 IST" skipped="0">
  <testcase classname="restassuredApiTests.UpdateBooking" name="Createtoken" time="1.570"/>
  <system-out/>
  <testcase classname="restassuredApiTests.UpdateBooking" name="Createbooking" time="1.888"/>
  <system-out/>
  <testcase classname="restassuredApiTests.UpdateBooking" name="Updatebooking" time="1.882"/>
  <system-out/>
</testsuite> <!-- restassuredApiTests.UpdateBooking -->
