<?xml version="1.0" encoding="UTF-8"?>
<!-- Generated by org.testng.reporters.JUnitReportReporter -->
<testsuite hostname="SanjiwaniS-Mac.local" failures="0" tests="2" name="restassuredApiTests.GetBookingsByCheckinCheckout" time="3.275" errors="0" timestamp="2023-09-24T17:37:11 IST" skipped="0">
  <testcase classname="restassuredApiTests.GetBookingsByCheckinCheckout" name="getBookingsForCheckinCheckout" time="1.624"/>
  <system-out/>
  <testcase classname="restassuredApiTests.GetBookingsByCheckinCheckout" name="testpost" time="1.651"/>
  <system-out/>
</testsuite> <!-- restassuredApiTests.GetBookingsByCheckinCheckout -->
