<?xml version="1.0" encoding="UTF-8"?>
<!-- Generated by org.testng.reporters.JUnitReportReporter -->
<testsuite hostname="SanjiwaniS-Mac.local" failures="0" tests="2" name="restassuredApiTests.getbooking_id" time="8.043" errors="0" timestamp="2023-09-24T02:24:18 IST" skipped="0">
  <testcase classname="restassuredApiTests.getbooking_id" name="testpost" time="5.877"/>
  <testcase classname="restassuredApiTests.getbooking_id" name="testget" time="2.166"/>
</testsuite> <!-- restassuredApiTests.getbooking_id -->
