<?xml version="1.0" encoding="UTF-8"?>
<!-- Generated by org.testng.reporters.JUnitReportReporter -->
<testsuite hostname="SanjiwaniS-Mac.local" failures="0" tests="2" name="restassuredApiTests.CreateToken" time="3.497" errors="0" timestamp="2023-09-22T15:31:33 IST" skipped="0">
  <testcase classname="restassuredApiTests.CreateToken" name="testpost" time="3.491"/>
  <testcase classname="restassuredApiTests.CreateToken" name="testresponsevalidations" time="0.006"/>
</testsuite> <!-- restassuredApiTests.CreateToken -->
