<?xml version="1.0" encoding="UTF-8"?>
<!-- Generated by org.testng.reporters.JUnitReportReporter -->
<testsuite hostname="SanjiwaniS-Mac.local" failures="0" tests="4" name="restassuredApiTests.DeleteBooking" time="11.001" errors="0" timestamp="2023-09-24T11:21:33 IST" skipped="0">
  <testcase classname="restassuredApiTests.DeleteBooking" name="Createtoken" time="4.789"/>
  <testcase classname="restassuredApiTests.DeleteBooking" name="Createbooking" time="2.127"/>
  <testcase classname="restassuredApiTests.DeleteBooking" name="Deletebooking" time="2.042"/>
  <testcase classname="restassuredApiTests.DeleteBooking" name="Getdeletedbooking" time="2.043"/>
</testsuite> <!-- restassuredApiTests.DeleteBooking -->
