<?xml version="1.0" encoding="UTF-8"?>
<!-- Generated by org.testng.reporters.JUnitReportReporter -->
<testsuite hostname="SanjiwaniS-Mac.local" failures="0" tests="3" name="restassuredApiTests.UpdateBooking" time="8.901" errors="0" timestamp="2023-09-24T11:16:39 IST" skipped="0">
  <testcase classname="restassuredApiTests.UpdateBooking" name="Createtoken" time="5.096"/>
  <testcase classname="restassuredApiTests.UpdateBooking" name="Createbooking" time="1.989"/>
  <testcase classname="restassuredApiTests.UpdateBooking" name="Updatebooking" time="1.816"/>
</testsuite> <!-- restassuredApiTests.UpdateBooking -->
