<?xml version="1.0" encoding="UTF-8"?>
<!-- Generated by org.testng.reporters.JUnitReportReporter -->
<testsuite hostname="SanjiwaniS-Mac.local" failures="0" tests="1" name="restassuredApiTests.HealthCheck" time="3.967" errors="0" timestamp="2023-09-24T11:32:01 IST" skipped="0">
  <testcase classname="restassuredApiTests.HealthCheck" name="getping" time="3.967"/>
  <system-out/>
</testsuite> <!-- restassuredApiTests.HealthCheck -->
