<?xml version="1.0" encoding="UTF-8"?>
<!-- Generated by org.testng.reporters.JUnitReportReporter -->
<testsuite hostname="SanjiwaniS-Mac.local" failures="0" tests="2" name="restassuredApiTests.GetBookingsByName" time="3.190" errors="0" timestamp="2023-09-24T17:28:36 IST" skipped="0">
  <testcase classname="restassuredApiTests.GetBookingsByName" name="testpost" time="1.628"/>
  <testcase classname="restassuredApiTests.GetBookingsByName" name="getBookingsForName" time="1.562"/>
</testsuite> <!-- restassuredApiTests.GetBookingsByName -->
