<?xml version="1.0" encoding="UTF-8"?>
<!-- Generated by org.testng.reporters.JUnitReportReporter -->
<testsuite hostname="SanjiwaniS-Mac.local" failures="0" tests="3" name="restassuredApiTests.UpdateBooking" time="7.693" errors="0" timestamp="2023-09-24T11:33:35 IST" skipped="0">
  <testcase classname="restassuredApiTests.UpdateBooking" name="Createtoken" time="3.937"/>
  <testcase classname="restassuredApiTests.UpdateBooking" name="Createbooking" time="1.811"/>
  <testcase classname="restassuredApiTests.UpdateBooking" name="Updatebooking" time="1.945"/>
</testsuite> <!-- restassuredApiTests.UpdateBooking -->
