<?xml version="1.0" encoding="UTF-8"?>
<!-- Generated by org.testng.reporters.JUnitReportReporter -->
<testsuite hostname="SanjiwaniS-Mac.local" failures="0" tests="4" name="restassuredApiTests.DeleteBooking" time="10.725" errors="0" timestamp="2023-09-24T17:28:36 IST" skipped="0">
  <testcase classname="restassuredApiTests.DeleteBooking" name="Createtoken" time="5.091"/>
  <testcase classname="restassuredApiTests.DeleteBooking" name="Createbooking" time="1.750"/>
  <testcase classname="restassuredApiTests.DeleteBooking" name="Deletebooking" time="2.112"/>
  <testcase classname="restassuredApiTests.DeleteBooking" name="Getdeletedbooking" time="1.772"/>
</testsuite> <!-- restassuredApiTests.DeleteBooking -->
