<?xml version="1.0" encoding="UTF-8"?>
<!-- Generated by org.testng.reporters.JUnitReportReporter -->
<testsuite hostname="SanjiwaniS-Mac.local" failures="0" tests="2" name="restassuredApiTests.GetBooking" time="3.631" errors="0" timestamp="2023-09-24T17:28:36 IST" skipped="0">
  <testcase classname="restassuredApiTests.GetBooking" name="testget" time="1.898"/>
  <testcase classname="restassuredApiTests.GetBooking" name="testpost" time="1.733"/>
</testsuite> <!-- restassuredApiTests.GetBooking -->
