<?xml version="1.0" encoding="UTF-8"?>
<!-- Generated by org.testng.reporters.JUnitReportReporter -->
<testsuite hostname="SanjiwaniS-Mac.local" failures="0" tests="3" name="restassuredApiTests.UpdateBooking" time="5.411" errors="0" timestamp="2023-09-24T17:28:36 IST" skipped="0">
  <testcase classname="restassuredApiTests.UpdateBooking" name="Createtoken" time="1.571"/>
  <testcase classname="restassuredApiTests.UpdateBooking" name="Createbooking" time="1.737"/>
  <testcase classname="restassuredApiTests.UpdateBooking" name="Updatebooking" time="2.103"/>
</testsuite> <!-- restassuredApiTests.UpdateBooking -->
