<?xml version="1.0" encoding="UTF-8"?>
<!-- Generated by org.testng.reporters.JUnitReportReporter -->
<testsuite hostname="SanjiwaniS-Mac.local" failures="0" tests="5" name="restassuredApiTests.PartialUpdateBooking" time="9.210" errors="0" timestamp="2023-09-24T17:28:36 IST" skipped="0">
  <testcase classname="restassuredApiTests.PartialUpdateBooking" name="Createtoken" time="1.672"/>
  <testcase classname="restassuredApiTests.PartialUpdateBooking" name="Createbooking" time="1.957"/>
  <testcase classname="restassuredApiTests.PartialUpdateBooking" name="UpdateAllFields" time="1.753"/>
  <testcase classname="restassuredApiTests.PartialUpdateBooking" name="UpdateOnlyFirstName" time="2.065"/>
  <testcase classname="restassuredApiTests.PartialUpdateBooking" name="UpdateOnlyLastName" time="1.763"/>
</testsuite> <!-- restassuredApiTests.PartialUpdateBooking -->
